Flow report for CompleteCPU
Mon Apr  7 15:22:13 2025
Quartus II 64-Bit Version 14.0.2 Build 209 09/17/2014 SJ Full Version


---------------------
; Table of Contents ;
---------------------
  1. Legal Notice
  2. Flow Summary
  3. Flow Settings
  4. Flow Non-Default Global Settings
  5. Flow Elapsed Time
  6. Flow OS Summary
  7. Flow Log
  8. Flow Messages
  9. Flow Suppressed Messages



----------------
; Legal Notice ;
----------------
Copyright (C) 1991-2014 Altera Corporation. All rights reserved.
Your use of Altera Corporation's design tools, logic functions 
and other software and tools, and its AMPP partner logic 
functions, and any output files from any of the foregoing 
(including device programming or simulation files), and any 
associated documentation or information are expressly subject 
to the terms and conditions of the Altera Program License 
Subscription Agreement, the Altera Quartus II License Agreement,
the Altera MegaCore Function License Agreement, or other 
applicable license agreement, including, without limitation, 
that your use is for the sole purpose of programming logic 
devices manufactured by Altera and sold by Altera or its 
authorized distributors.  Please refer to the applicable 
agreement for further details.



+----------------------------------------------------------------------------------+
; Flow Summary                                                                     ;
+------------------------------------+---------------------------------------------+
; Flow Status                        ; Successful - Mon Apr  7 15:22:13 2025       ;
; Quartus II 64-Bit Version          ; 14.0.2 Build 209 09/17/2014 SJ Full Version ;
; Revision Name                      ; CompleteCPU                                 ;
; Top-level Entity Name              ; cpu_test_sim                                ;
; Family                             ; Cyclone IV E                                ;
; Device                             ; EP4CE115F23C7                               ;
; Timing Models                      ; Final                                       ;
; Total logic elements               ; 723 / 114,480 ( < 1 % )                     ;
;     Total combinational functions  ; 712 / 114,480 ( < 1 % )                     ;
;     Dedicated logic registers      ; 169 / 114,480 ( < 1 % )                     ;
; Total registers                    ; 169                                         ;
; Total pins                         ; 209 / 281 ( 74 % )                          ;
; Total virtual pins                 ; 0                                           ;
; Total memory bits                  ; 10,240 / 3,981,312 ( < 1 % )                ;
; Embedded Multiplier 9-bit elements ; 0 / 532 ( 0 % )                             ;
; Total PLLs                         ; 0 / 4 ( 0 % )                               ;
+------------------------------------+---------------------------------------------+


+-----------------------------------------+
; Flow Settings                           ;
+-------------------+---------------------+
; Option            ; Setting             ;
+-------------------+---------------------+
; Start date & time ; 04/07/2025 15:20:56 ;
; Main task         ; Compilation         ;
; Revision Name     ; CompleteCPU         ;
+-------------------+---------------------+


+----------------------------------------------------------------------------------------------------------------------------------------------------------+
; Flow Non-Default Global Settings                                                                                                                         ;
+-------------------------------------+--------------------------------------------------------------------+---------------+--------------+----------------+
; Assignment Name                     ; Value                                                              ; Default Value ; Entity Name  ; Section Id     ;
+-------------------------------------+--------------------------------------------------------------------+---------------+--------------+----------------+
; COMPILER_SIGNATURE_ID               ; 26403095478627.174405365628718                                     ; --            ; --           ; --             ;
; EDA_GENERATE_FUNCTIONAL_NETLIST     ; Off                                                                ; --            ; --           ; eda_simulation ;
; EDA_NETLIST_WRITER_OUTPUT_DIR       ; /home/student2/achaubal/Desktop/coe608/labs/Lab 6/simulation/qsim/ ; --            ; --           ; eda_simulation ;
; EDA_OUTPUT_DATA_FORMAT              ; Verilog Hdl                                                        ; --            ; --           ; eda_simulation ;
; EDA_SIMULATION_TOOL                 ; ModelSim-Altera (Verilog)                                          ; <None>        ; --           ; --             ;
; EDA_TIME_SCALE                      ; 1 ps                                                               ; --            ; --           ; eda_simulation ;
; IP_TOOL_NAME                        ; RAM: 1-PORT                                                        ; --            ; --           ; --             ;
; IP_TOOL_VERSION                     ; 13.0                                                               ; --            ; --           ; --             ;
; MAX_CORE_JUNCTION_TEMP              ; 85                                                                 ; --            ; --           ; --             ;
; MIN_CORE_JUNCTION_TEMP              ; 0                                                                  ; --            ; --           ; --             ;
; MISC_FILE                           ; system_memory.cmp                                                  ; --            ; --           ; --             ;
; NOMINAL_CORE_SUPPLY_VOLTAGE         ; 1.2V                                                               ; --            ; --           ; --             ;
; PARTITION_COLOR                     ; 16764057                                                           ; --            ; cpu_test_sim ; Top            ;
; PARTITION_FITTER_PRESERVATION_LEVEL ; PLACEMENT_AND_ROUTING                                              ; --            ; cpu_test_sim ; Top            ;
; PARTITION_NETLIST_TYPE              ; SOURCE                                                             ; --            ; cpu_test_sim ; Top            ;
; POWER_BOARD_THERMAL_MODEL           ; None (CONSERVATIVE)                                                ; --            ; --           ; --             ;
; POWER_PRESET_COOLING_SOLUTION       ; 23 MM HEAT SINK WITH 200 LFPM AIRFLOW                              ; --            ; --           ; --             ;
; PROJECT_OUTPUT_DIRECTORY            ; output_files                                                       ; --            ; --           ; --             ;
; TOP_LEVEL_ENTITY                    ; cpu_test_sim                                                       ; CompleteCPU   ; --           ; --             ;
+-------------------------------------+--------------------------------------------------------------------+---------------+--------------+----------------+


+-------------------------------------------------------------------------------------------------------------------------------+
; Flow Elapsed Time                                                                                                             ;
+---------------------------+--------------+-------------------------+---------------------+------------------------------------+
; Module Name               ; Elapsed Time ; Average Processors Used ; Peak Virtual Memory ; Total CPU Time (on all processors) ;
+---------------------------+--------------+-------------------------+---------------------+------------------------------------+
; Analysis & Synthesis      ; 00:00:11     ; 1.0                     ; 1011 MB             ; 00:00:08                           ;
; Fitter                    ; 00:00:33     ; 2.1                     ; 1367 MB             ; 00:00:43                           ;
; Assembler                 ; 00:00:05     ; 1.0                     ; 774 MB              ; 00:00:05                           ;
; TimeQuest Timing Analyzer ; 00:00:09     ; 1.0                     ; 912 MB              ; 00:00:06                           ;
; EDA Netlist Writer        ; 00:00:03     ; 1.0                     ; 917 MB              ; 00:00:02                           ;
; Total                     ; 00:01:01     ; --                      ; --                  ; 00:01:04                           ;
+---------------------------+--------------+-------------------------+---------------------+------------------------------------+


+---------------------------------------------------------------------------------------------------+
; Flow OS Summary                                                                                   ;
+---------------------------+------------------------+--------------+--------------+----------------+
; Module Name               ; Machine Hostname       ; OS Name      ; OS Version   ; Processor type ;
+---------------------------+------------------------+--------------+--------------+----------------+
; Analysis & Synthesis      ; overture.ee.ryerson.ca ; CentOS Linux ; CentOS Linux ; x86_64         ;
; Fitter                    ; overture.ee.ryerson.ca ; CentOS Linux ; CentOS Linux ; x86_64         ;
; Assembler                 ; overture.ee.ryerson.ca ; CentOS Linux ; CentOS Linux ; x86_64         ;
; TimeQuest Timing Analyzer ; overture.ee.ryerson.ca ; CentOS Linux ; CentOS Linux ; x86_64         ;
; EDA Netlist Writer        ; overture.ee.ryerson.ca ; CentOS Linux ; CentOS Linux ; x86_64         ;
+---------------------------+------------------------+--------------+--------------+----------------+


------------
; Flow Log ;
------------
quartus_map --read_settings_files=on --write_settings_files=off CompleteCPU -c CompleteCPU
quartus_fit --read_settings_files=off --write_settings_files=off CompleteCPU -c CompleteCPU
quartus_asm --read_settings_files=off --write_settings_files=off CompleteCPU -c CompleteCPU
quartus_sta CompleteCPU -c CompleteCPU
quartus_eda --read_settings_files=off --write_settings_files=off CompleteCPU -c CompleteCPU



